2026-02-10 20:04:58,355 p=25549 u=chedli n=ansible | taskmanager-vm | SUCCESS => {
    "changed": false,
    "ping": "pong"
}
2026-02-10 22:31:08,955 p=50606 u=chedli n=ansible | Starting galaxy collection install process
2026-02-10 22:31:09,145 p=50606 u=chedli n=ansible | Nothing to do. All requested collections are already installed. If you want to reinstall them, consider using `--force`.
2026-02-11 00:33:57,064 p=74356 u=chedli n=ansible | ERROR! the role 'common' was not found in /home/task_management_project/task_management_devops/ansible/playbooks/roles:/home/chedli/.ansible/roles:/usr/share/ansible/roles:/etc/ansible/roles:/home/task_management_project/task_management_devops/ansible/playbooks

The error appears to be in '/home/task_management_project/task_management_devops/ansible/playbooks/setup.yml': line 6, column 7, but may
be elsewhere in the file depending on the exact syntax problem.

The offending line appears to be:

  roles:
    - common
      ^ here

2026-02-11 00:35:37,792 p=74638 u=chedli n=ansible | ERROR! the role 'common' was not found in /home/task_management_project/task_management_devops/ansible/playbooks/roles:/home/chedli/.ansible/roles:/usr/share/ansible/roles:/etc/ansible/roles:/home/task_management_project/task_management_devops/ansible/playbooks

The error appears to be in '/home/task_management_project/task_management_devops/ansible/playbooks/setup.yml': line 6, column 7, but may
be elsewhere in the file depending on the exact syntax problem.

The offending line appears to be:

  roles:
    - common
      ^ here

2026-02-11 00:38:40,977 p=75209 u=chedli n=ansible | ERROR! the role 'common' was not found in /home/task_management_project/task_management_devops/ansible/playbooks/roles:/home/chedli/.ansible/roles:/usr/share/ansible/roles:/etc/ansible/roles:/home/task_management_project/task_management_devops/ansible/playbooks

The error appears to be in '/home/task_management_project/task_management_devops/ansible/playbooks/setup.yml': line 6, column 7, but may
be elsewhere in the file depending on the exact syntax problem.

The offending line appears to be:

  roles:
    - common
      ^ here

2026-02-11 00:43:40,665 p=76160 u=chedli n=ansible | PLAY [Setup Task Manager Server] ***************************************************************************************
2026-02-11 00:43:40,676 p=76160 u=chedli n=ansible | TASK [Gathering Facts] *************************************************************************************************
2026-02-11 00:43:43,218 p=76160 u=chedli n=ansible | ok: [taskmanager-vm]
2026-02-11 00:43:43,224 p=76160 u=chedli n=ansible | TASK [common : Update apt cache] ***************************************************************************************
2026-02-11 00:43:44,247 p=76160 u=chedli n=ansible | ok: [taskmanager-vm]
2026-02-11 00:43:44,250 p=76160 u=chedli n=ansible | TASK [common : Upgrade all packages] ***********************************************************************************
2026-02-11 00:43:46,349 p=76160 u=chedli n=ansible | ok: [taskmanager-vm]
2026-02-11 00:43:46,352 p=76160 u=chedli n=ansible | TASK [common : Install common packages] ********************************************************************************
2026-02-11 00:43:53,814 p=76160 u=chedli n=ansible | changed: [taskmanager-vm]
2026-02-11 00:43:53,817 p=76160 u=chedli n=ansible | TASK [common : Set timezone to UTC] ************************************************************************************
2026-02-11 00:43:54,388 p=76160 u=chedli n=ansible | changed: [taskmanager-vm]
2026-02-11 00:43:54,391 p=76160 u=chedli n=ansible | TASK [common : Ensure app directory exists] ****************************************************************************
2026-02-11 00:43:54,791 p=76160 u=chedli n=ansible | ok: [taskmanager-vm]
2026-02-11 00:43:54,794 p=76160 u=chedli n=ansible | TASK [common : Ensure logs directory exists] ***************************************************************************
2026-02-11 00:43:55,167 p=76160 u=chedli n=ansible | changed: [taskmanager-vm]
2026-02-11 00:43:55,172 p=76160 u=chedli n=ansible | TASK [docker : Remove old Docker versions] *****************************************************************************
2026-02-11 00:43:56,147 p=76160 u=chedli n=ansible | ok: [taskmanager-vm]
2026-02-11 00:43:56,150 p=76160 u=chedli n=ansible | TASK [docker : Install Docker prerequisites] ***************************************************************************
2026-02-11 00:43:57,534 p=76160 u=chedli n=ansible | ok: [taskmanager-vm]
2026-02-11 00:43:57,536 p=76160 u=chedli n=ansible | TASK [docker : Add Docker GPG key] *************************************************************************************
2026-02-11 00:43:58,977 p=76160 u=chedli n=ansible | [WARNING]: Module remote_tmp /root/.ansible/tmp did not exist and was created with a mode of 0700, this may cause
issues when running as another user. To avoid this, create the remote_tmp dir with the correct permissions manually

2026-02-11 00:43:58,978 p=76160 u=chedli n=ansible | changed: [taskmanager-vm]
2026-02-11 00:43:58,981 p=76160 u=chedli n=ansible | TASK [docker : Add Docker repository] **********************************************************************************
2026-02-11 00:44:09,254 p=76160 u=chedli n=ansible | changed: [taskmanager-vm]
2026-02-11 00:44:09,258 p=76160 u=chedli n=ansible | TASK [docker : Update apt cache after adding Docker repo] **************************************************************
2026-02-11 00:44:11,876 p=76160 u=chedli n=ansible | changed: [taskmanager-vm]
2026-02-11 00:44:11,879 p=76160 u=chedli n=ansible | TASK [docker : Install Docker] *****************************************************************************************
2026-02-11 00:44:35,400 p=76160 u=chedli n=ansible | changed: [taskmanager-vm]
2026-02-11 00:44:35,405 p=76160 u=chedli n=ansible | TASK [docker : Ensure Docker service is running] ***********************************************************************
2026-02-11 00:44:36,226 p=76160 u=chedli n=ansible | ok: [taskmanager-vm]
2026-02-11 00:44:36,228 p=76160 u=chedli n=ansible | TASK [docker : Add user to docker group] *******************************************************************************
2026-02-11 00:44:36,814 p=76160 u=chedli n=ansible | changed: [taskmanager-vm]
2026-02-11 00:44:36,817 p=76160 u=chedli n=ansible | TASK [docker : Install Docker Compose standalone] **********************************************************************
2026-02-11 00:44:38,030 p=76160 u=chedli n=ansible | changed: [taskmanager-vm]
2026-02-11 00:44:38,040 p=76160 u=chedli n=ansible | TASK [docker : Verify Docker installation] *****************************************************************************
2026-02-11 00:44:38,484 p=76160 u=chedli n=ansible | ok: [taskmanager-vm]
2026-02-11 00:44:38,487 p=76160 u=chedli n=ansible | TASK [docker : Display Docker version] *********************************************************************************
2026-02-11 00:44:38,498 p=76160 u=chedli n=ansible | ok: [taskmanager-vm] => {
    "msg": "Docker version: Docker version 29.2.1, build a5c7197"
}
2026-02-11 00:44:38,501 p=76160 u=chedli n=ansible | TASK [docker : Verify Docker Compose installation] *********************************************************************
2026-02-11 00:44:38,870 p=76160 u=chedli n=ansible | ok: [taskmanager-vm]
2026-02-11 00:44:38,873 p=76160 u=chedli n=ansible | TASK [docker : Display Docker Compose version] *************************************************************************
2026-02-11 00:44:38,881 p=76160 u=chedli n=ansible | ok: [taskmanager-vm] => {
    "msg": "Docker Compose version: Docker Compose version v5.0.2"
}
2026-02-11 00:44:38,885 p=76160 u=chedli n=ansible | TASK [Display completion message] **************************************************************************************
2026-02-11 00:44:38,893 p=76160 u=chedli n=ansible | ok: [taskmanager-vm] => {
    "msg": "Server setup complete! Ready for application deployment."
}
2026-02-11 00:44:38,899 p=76160 u=chedli n=ansible | RUNNING HANDLER [docker : restart docker] ******************************************************************************
2026-02-11 00:44:40,082 p=76160 u=chedli n=ansible | changed: [taskmanager-vm]
2026-02-11 00:44:40,088 p=76160 u=chedli n=ansible | PLAY RECAP *************************************************************************************************************
2026-02-11 00:44:40,088 p=76160 u=chedli n=ansible | taskmanager-vm             : ok=22   changed=10   unreachable=0    failed=0    skipped=0    rescued=0    ignored=0   
2026-02-11 00:46:36,037 p=76713 u=chedli n=ansible | PLAY [Deploy Task Manager Application] *********************************************************************************
2026-02-11 00:46:36,045 p=76713 u=chedli n=ansible | TASK [Ensure application directory exists] *****************************************************************************
2026-02-11 00:46:37,396 p=76713 u=chedli n=ansible | ok: [taskmanager-vm]
2026-02-11 00:46:37,405 p=76713 u=chedli n=ansible | TASK [application : Copy docker-compose file] **************************************************************************
2026-02-11 00:46:38,672 p=76713 u=chedli n=ansible | fatal: [taskmanager-vm]: FAILED! => {"changed": false, "checksum": "59cc69c6ed9b164eae9fb3722d151e3e783c0ea3", "msg": "Destination directory /opt/task-manager/app-code/prod does not exist"}
2026-02-11 00:46:38,672 p=76713 u=chedli n=ansible | PLAY RECAP *************************************************************************************************************
2026-02-11 00:46:38,673 p=76713 u=chedli n=ansible | taskmanager-vm             : ok=1    changed=0    unreachable=0    failed=1    skipped=0    rescued=0    ignored=0   
2026-02-11 00:47:34,943 p=76918 u=chedli n=ansible | PLAY [Deploy Task Manager Application] *********************************************************************************
2026-02-11 00:47:34,951 p=76918 u=chedli n=ansible | TASK [Ensure application directory exists] *****************************************************************************
2026-02-11 00:47:35,411 p=76918 u=chedli n=ansible | ok: [taskmanager-vm]
2026-02-11 00:47:35,420 p=76918 u=chedli n=ansible | TASK [application : Copy docker-compose file] **************************************************************************
2026-02-11 00:47:36,659 p=76918 u=chedli n=ansible | fatal: [taskmanager-vm]: FAILED! => {"changed": false, "checksum": "59cc69c6ed9b164eae9fb3722d151e3e783c0ea3", "msg": "Destination directory /opt/task-manager/app-code/prod does not exist"}
2026-02-11 00:47:36,660 p=76918 u=chedli n=ansible | PLAY RECAP *************************************************************************************************************
2026-02-11 00:47:36,660 p=76918 u=chedli n=ansible | taskmanager-vm             : ok=1    changed=0    unreachable=0    failed=1    skipped=0    rescued=0    ignored=0   
2026-02-11 00:48:46,723 p=77145 u=chedli n=ansible | PLAY [Deploy Task Manager Application] *********************************************************************************
2026-02-11 00:48:46,730 p=77145 u=chedli n=ansible | TASK [Ensure application directory exists] *****************************************************************************
2026-02-11 00:48:51,356 p=77145 u=chedli n=ansible | ok: [taskmanager-vm]
2026-02-11 00:48:51,366 p=77145 u=chedli n=ansible | TASK [application : Copy docker-compose file] **************************************************************************
2026-02-11 00:48:53,295 p=77145 u=chedli n=ansible | changed: [taskmanager-vm]
2026-02-11 00:48:53,299 p=77145 u=chedli n=ansible | TASK [application : Login to Docker Hub] *******************************************************************************
2026-02-11 00:48:54,786 p=77145 u=chedli n=ansible | changed: [taskmanager-vm]
2026-02-11 00:48:54,790 p=77145 u=chedli n=ansible | TASK [application : Pull and start application containers] *************************************************************
2026-02-11 00:48:55,469 p=77145 u=chedli n=ansible | An exception occurred during task execution. To see the full traceback, use -vvv. The error was: ModuleNotFoundError: No module named 'docker'
2026-02-11 00:48:55,469 p=77145 u=chedli n=ansible | fatal: [taskmanager-vm]: FAILED! => {"changed": false, "msg": "Failed to import the required Python library (Docker SDK for Python: docker>=5.0.0 (Python >= 3.6) or docker<5.0.0 (Python 2.7)) on taskmanager-prod-vm's Python /usr/bin/python3. Please read the module documentation and install it in the appropriate location. If the required library is installed, but Ansible is using the wrong Python interpreter, please consult the documentation on ansible_python_interpreter, for example via `pip install docker` (Python >= 3.6) or `pip install docker==4.4.4` (Python 2.7). The error was: No module named 'docker'"}
2026-02-11 00:48:55,470 p=77145 u=chedli n=ansible | PLAY RECAP *************************************************************************************************************
2026-02-11 00:48:55,470 p=77145 u=chedli n=ansible | taskmanager-vm             : ok=3    changed=2    unreachable=0    failed=1    skipped=0    rescued=0    ignored=0   
2026-02-11 00:57:54,532 p=78699 u=chedli n=ansible | PLAY [Deploy Task Manager Application] *********************************************************************************
2026-02-11 00:57:54,556 p=78699 u=chedli n=ansible | TASK [Ensure application directory exists] *****************************************************************************
2026-02-11 00:57:56,478 p=78699 u=chedli n=ansible | ok: [taskmanager-vm]
2026-02-11 00:57:56,489 p=78699 u=chedli n=ansible | TASK [application : Copy docker-compose file] **************************************************************************
2026-02-11 00:57:58,239 p=78699 u=chedli n=ansible | ok: [taskmanager-vm]
2026-02-11 00:57:58,244 p=78699 u=chedli n=ansible | TASK [application : Login to Docker Hub] *******************************************************************************
2026-02-11 00:57:59,018 p=78699 u=chedli n=ansible | ok: [taskmanager-vm]
2026-02-11 00:57:59,022 p=78699 u=chedli n=ansible | TASK [application : Pull and start application containers] *************************************************************
2026-02-11 00:57:59,782 p=78699 u=chedli n=ansible | fatal: [taskmanager-vm]: FAILED! => {"changed": false, "msg": "Unable to load docker-compose. Try `pip install docker-compose`. Error: Traceback (most recent call last):\n  File \"/tmp/ansible_community.docker.docker_compose_payload_hsd2wrm7/ansible_community.docker.docker_compose_payload.zip/ansible_collections/community/docker/plugins/modules/docker_compose.py\", line 526, in <module>\n    from compose import __version__ as compose_version\nModuleNotFoundError: No module named 'compose'\n"}
2026-02-11 00:57:59,783 p=78699 u=chedli n=ansible | PLAY RECAP *************************************************************************************************************
2026-02-11 00:57:59,783 p=78699 u=chedli n=ansible | taskmanager-vm             : ok=3    changed=0    unreachable=0    failed=1    skipped=0    rescued=0    ignored=0   
2026-02-11 01:02:34,497 p=79537 u=chedli n=ansible | PLAY [Setup Task Manager Server] ***************************************************************************************
2026-02-11 01:02:34,516 p=79537 u=chedli n=ansible | TASK [common : Update apt cache] ***************************************************************************************
2026-02-11 01:02:36,515 p=79537 u=chedli n=ansible | ok: [taskmanager-vm]
2026-02-11 01:02:36,520 p=79537 u=chedli n=ansible | TASK [common : Upgrade all packages] ***********************************************************************************
2026-02-11 01:02:38,562 p=79537 u=chedli n=ansible | ok: [taskmanager-vm]
2026-02-11 01:02:38,565 p=79537 u=chedli n=ansible | TASK [common : Install common packages] ********************************************************************************
2026-02-11 01:02:39,917 p=79537 u=chedli n=ansible | ok: [taskmanager-vm]
2026-02-11 01:02:39,921 p=79537 u=chedli n=ansible | TASK [common : Set timezone to UTC] ************************************************************************************
2026-02-11 01:02:40,499 p=79537 u=chedli n=ansible | ok: [taskmanager-vm]
2026-02-11 01:02:40,502 p=79537 u=chedli n=ansible | TASK [common : Ensure app directory exists] ****************************************************************************
2026-02-11 01:02:40,932 p=79537 u=chedli n=ansible | ok: [taskmanager-vm]
2026-02-11 01:02:40,936 p=79537 u=chedli n=ansible | TASK [common : Ensure logs directory exists] ***************************************************************************
2026-02-11 01:02:41,326 p=79537 u=chedli n=ansible | ok: [taskmanager-vm]
2026-02-11 01:02:41,332 p=79537 u=chedli n=ansible | TASK [docker : Remove old Docker versions] *****************************************************************************
2026-02-11 01:02:42,275 p=79537 u=chedli n=ansible | ok: [taskmanager-vm]
2026-02-11 01:02:42,279 p=79537 u=chedli n=ansible | TASK [docker : Install Docker prerequisites] ***************************************************************************
2026-02-11 01:02:43,609 p=79537 u=chedli n=ansible | ok: [taskmanager-vm]
2026-02-11 01:02:43,613 p=79537 u=chedli n=ansible | TASK [docker : Create directory for Docker GPG key] ********************************************************************
2026-02-11 01:02:44,025 p=79537 u=chedli n=ansible | ok: [taskmanager-vm]
2026-02-11 01:02:44,029 p=79537 u=chedli n=ansible | TASK [docker : Add Docker GPG key (Modern way )] ***********************************************************************
2026-02-11 01:02:44,667 p=79537 u=chedli n=ansible | changed: [taskmanager-vm]
2026-02-11 01:02:44,671 p=79537 u=chedli n=ansible | TASK [docker : Add Docker repository] **********************************************************************************
2026-02-11 01:02:45,298 p=79537 u=chedli n=ansible | An exception occurred during task execution. To see the full traceback, use -vvv. The error was: apt_pkg.Error: E:Conflicting values set for option Signed-By regarding source https://download.docker.com/linux/ubuntu/ noble: /etc/apt/keyrings/docker.asc != , E:The list of sources could not be read.
2026-02-11 01:02:45,298 p=79537 u=chedli n=ansible | fatal: [taskmanager-vm]: FAILED! => {"changed": false, "module_stderr": "Traceback (most recent call last):\n  File \"<stdin>\", line 107, in <module>\n  File \"<stdin>\", line 99, in _ansiballz_main\n  File \"<stdin>\", line 47, in invoke_module\n  File \"<frozen runpy>\", line 226, in run_module\n  File \"<frozen runpy>\", line 98, in _run_module_code\n  File \"<frozen runpy>\", line 88, in _run_code\n  File \"/tmp/ansible_apt_repository_payload_v69w4r0i/ansible_apt_repository_payload.zip/ansible/modules/apt_repository.py\", line 765, in <module>\n  File \"/tmp/ansible_apt_repository_payload_v69w4r0i/ansible_apt_repository_payload.zip/ansible/modules/apt_repository.py\", line 742, in main\n  File \"/usr/lib/python3/dist-packages/apt/cache.py\", line 157, in __init__\n    self.open(progress)\n  File \"/usr/lib/python3/dist-packages/apt/cache.py\", line 214, in open\n    self._cache = apt_pkg.Cache(progress)\n                  ^^^^^^^^^^^^^^^^^^^^^^^\napt_pkg.Error: E:Conflicting values set for option Signed-By regarding source https://download.docker.com/linux/ubuntu/ noble: /etc/apt/keyrings/docker.asc != , E:The list of sources could not be read.\n", "module_stdout": "", "msg": "MODULE FAILURE\nSee stdout/stderr for the exact error", "rc": 1}
2026-02-11 01:02:45,299 p=79537 u=chedli n=ansible | PLAY RECAP *************************************************************************************************************
2026-02-11 01:02:45,299 p=79537 u=chedli n=ansible | taskmanager-vm             : ok=10   changed=1    unreachable=0    failed=1    skipped=0    rescued=0    ignored=0   
2026-02-11 01:05:12,794 p=80037 u=chedli n=ansible | PLAY [Setup Task Manager Server] ***************************************************************************************
2026-02-11 01:05:12,848 p=80037 u=chedli n=ansible | TASK [common : Update apt cache] ***************************************************************************************
2026-02-11 01:05:14,453 p=80037 u=chedli n=ansible | fatal: [taskmanager-vm]: FAILED! => {"changed": false, "msg": "E:Conflicting values set for option Signed-By regarding source https://download.docker.com/linux/ubuntu/ noble: /etc/apt/keyrings/docker.asc != , E:The list of sources could not be read."}
2026-02-11 01:05:14,453 p=80037 u=chedli n=ansible | PLAY RECAP *************************************************************************************************************
2026-02-11 01:05:14,453 p=80037 u=chedli n=ansible | taskmanager-vm             : ok=0    changed=0    unreachable=0    failed=1    skipped=0    rescued=0    ignored=0   
2026-02-11 01:07:13,847 p=80420 u=chedli n=ansible | PLAY [Setup Task Manager Server] ***************************************************************************************
2026-02-11 01:07:13,862 p=80420 u=chedli n=ansible | TASK [common : FORCE CLEANUP Remove broken Docker repo files before APT runs] ******************************************
2026-02-11 01:07:15,676 p=80420 u=chedli n=ansible | changed: [taskmanager-vm]
2026-02-11 01:07:15,680 p=80420 u=chedli n=ansible | TASK [common : Update apt cache] ***************************************************************************************
2026-02-11 01:07:18,427 p=80420 u=chedli n=ansible | ok: [taskmanager-vm]
2026-02-11 01:07:18,432 p=80420 u=chedli n=ansible | TASK [common : Upgrade all packages] ***********************************************************************************
2026-02-11 01:07:20,648 p=80420 u=chedli n=ansible | ok: [taskmanager-vm]
2026-02-11 01:07:20,652 p=80420 u=chedli n=ansible | TASK [common : Install common packages] ********************************************************************************
2026-02-11 01:07:22,194 p=80420 u=chedli n=ansible | ok: [taskmanager-vm]
2026-02-11 01:07:22,198 p=80420 u=chedli n=ansible | TASK [common : Set timezone to UTC] ************************************************************************************
2026-02-11 01:07:22,924 p=80420 u=chedli n=ansible | ok: [taskmanager-vm]
2026-02-11 01:07:22,927 p=80420 u=chedli n=ansible | TASK [common : Ensure app directory exists] ****************************************************************************
2026-02-11 01:07:23,430 p=80420 u=chedli n=ansible | ok: [taskmanager-vm]
2026-02-11 01:07:23,433 p=80420 u=chedli n=ansible | TASK [common : Ensure logs directory exists] ***************************************************************************
2026-02-11 01:07:23,941 p=80420 u=chedli n=ansible | ok: [taskmanager-vm]
2026-02-11 01:07:23,947 p=80420 u=chedli n=ansible | TASK [docker : Remove old Docker versions] *****************************************************************************
2026-02-11 01:07:25,056 p=80420 u=chedli n=ansible | ok: [taskmanager-vm]
2026-02-11 01:07:25,059 p=80420 u=chedli n=ansible | TASK [docker : Install Docker prerequisites] ***************************************************************************
2026-02-11 01:07:29,159 p=80420 u=chedli n=ansible | ok: [taskmanager-vm]
2026-02-11 01:07:29,163 p=80420 u=chedli n=ansible | TASK [docker : Remove conflicting Docker repository entries] ***********************************************************
2026-02-11 01:07:29,799 p=80420 u=chedli n=ansible | ok: [taskmanager-vm] => (item=/etc/apt/sources.list.d/docker.list)
2026-02-11 01:07:30,355 p=80420 u=chedli n=ansible | ok: [taskmanager-vm] => (item=/etc/apt/sources.list.d/download_docker_com_linux_ubuntu.list)
2026-02-11 01:07:30,360 p=80420 u=chedli n=ansible | TASK [docker : Create directory for Docker GPG key] ********************************************************************
2026-02-11 01:07:30,822 p=80420 u=chedli n=ansible | ok: [taskmanager-vm]
2026-02-11 01:07:30,827 p=80420 u=chedli n=ansible | TASK [docker : Add Docker GPG key (Modern way )] ***********************************************************************
2026-02-11 01:07:31,568 p=80420 u=chedli n=ansible | ok: [taskmanager-vm]
2026-02-11 01:07:31,572 p=80420 u=chedli n=ansible | TASK [docker : Add Docker repository] **********************************************************************************
2026-02-11 01:07:36,760 p=80420 u=chedli n=ansible | changed: [taskmanager-vm]
2026-02-11 01:07:36,763 p=80420 u=chedli n=ansible | TASK [docker : Install Docker and Compose Plugin] **********************************************************************
2026-02-11 01:07:38,298 p=80420 u=chedli n=ansible | ok: [taskmanager-vm]
2026-02-11 01:07:38,302 p=80420 u=chedli n=ansible | TASK [docker : Ensure Docker service is running] ***********************************************************************
2026-02-11 01:07:39,390 p=80420 u=chedli n=ansible | ok: [taskmanager-vm]
2026-02-11 01:07:39,395 p=80420 u=chedli n=ansible | TASK [docker : Add user to docker group] *******************************************************************************
2026-02-11 01:07:40,087 p=80420 u=chedli n=ansible | ok: [taskmanager-vm]
2026-02-11 01:07:40,095 p=80420 u=chedli n=ansible | TASK [Display completion message] **************************************************************************************
2026-02-11 01:07:40,107 p=80420 u=chedli n=ansible | ok: [taskmanager-vm] => {
    "msg": "Server setup complete! Ready for application deployment."
}
2026-02-11 01:07:40,135 p=80420 u=chedli n=ansible | PLAY RECAP *************************************************************************************************************
2026-02-11 01:07:40,135 p=80420 u=chedli n=ansible | taskmanager-vm             : ok=17   changed=2    unreachable=0    failed=0    skipped=0    rescued=0    ignored=0   
2026-02-11 01:08:29,824 p=80694 u=chedli n=ansible | PLAY [Deploy Task Manager Application] *********************************************************************************
2026-02-11 01:08:29,832 p=80694 u=chedli n=ansible | TASK [Ensure application directory exists] *****************************************************************************
2026-02-11 01:08:30,466 p=80694 u=chedli n=ansible | ok: [taskmanager-vm]
2026-02-11 01:08:30,476 p=80694 u=chedli n=ansible | TASK [application : Copy docker-compose file] **************************************************************************
2026-02-11 01:08:32,233 p=80694 u=chedli n=ansible | ok: [taskmanager-vm]
2026-02-11 01:08:32,237 p=80694 u=chedli n=ansible | TASK [application : Login to Docker Hub] *******************************************************************************
2026-02-11 01:08:33,041 p=80694 u=chedli n=ansible | ok: [taskmanager-vm]
2026-02-11 01:08:33,045 p=80694 u=chedli n=ansible | TASK [application : Pull and start application containers] *************************************************************
2026-02-11 01:08:33,837 p=80694 u=chedli n=ansible | fatal: [taskmanager-vm]: FAILED! => {"changed": false, "msg": "Cannot find Compose file \"docker-compose.yml\" relative to project directory \"/opt/task-manager\""}
2026-02-11 01:08:33,838 p=80694 u=chedli n=ansible | PLAY RECAP *************************************************************************************************************
2026-02-11 01:08:33,838 p=80694 u=chedli n=ansible | taskmanager-vm             : ok=3    changed=0    unreachable=0    failed=1    skipped=0    rescued=0    ignored=0   
2026-02-11 01:12:23,509 p=81402 u=chedli n=ansible | PLAY [Deploy Task Manager Application] *********************************************************************************
2026-02-11 01:12:23,517 p=81402 u=chedli n=ansible | TASK [Ensure application directory exists] *****************************************************************************
2026-02-11 01:12:25,229 p=81402 u=chedli n=ansible | ok: [taskmanager-vm]
2026-02-11 01:12:25,238 p=81402 u=chedli n=ansible | TASK [application : Copy docker-compose file] **************************************************************************
2026-02-11 01:12:27,148 p=81402 u=chedli n=ansible | changed: [taskmanager-vm]
2026-02-11 01:12:27,152 p=81402 u=chedli n=ansible | TASK [application : Login to Docker Hub] *******************************************************************************
2026-02-11 01:12:27,871 p=81402 u=chedli n=ansible | ok: [taskmanager-vm]
2026-02-11 01:12:27,875 p=81402 u=chedli n=ansible | TASK [application : Pull and start application containers] *************************************************************
2026-02-11 01:13:00,521 p=81402 u=chedli n=ansible | changed: [taskmanager-vm]
2026-02-11 01:13:00,532 p=81402 u=chedli n=ansible | TASK [backup : Create backup directory] ********************************************************************************
2026-02-11 01:13:01,195 p=81402 u=chedli n=ansible | changed: [taskmanager-vm]
2026-02-11 01:13:01,199 p=81402 u=chedli n=ansible | TASK [backup : Copy backup script] *************************************************************************************
2026-02-11 01:13:03,088 p=81402 u=chedli n=ansible | changed: [taskmanager-vm]
2026-02-11 01:13:03,092 p=81402 u=chedli n=ansible | TASK [backup : Create backup cron job] *********************************************************************************
2026-02-11 01:13:03,603 p=81402 u=chedli n=ansible | changed: [taskmanager-vm]
2026-02-11 01:13:03,616 p=81402 u=chedli n=ansible | TASK [Display application URL] *****************************************************************************************
2026-02-11 01:13:03,628 p=81402 u=chedli n=ansible | ok: [taskmanager-vm] => {
    "msg": "Application deployed! Access at: http://51.107.71.198"
}
2026-02-11 01:13:03,635 p=81402 u=chedli n=ansible | PLAY RECAP *************************************************************************************************************
2026-02-11 01:13:03,635 p=81402 u=chedli n=ansible | taskmanager-vm             : ok=8    changed=5    unreachable=0    failed=0    skipped=0    rescued=0    ignored=0   
2026-02-11 11:54:28,157 p=4548 u=chedli n=ansible |  [ERROR]: User interrupted execution

2026-02-11 12:07:52,922 p=7509 u=chedli n=ansible | [WARNING]: Error getting vault password file (default): The vault password file /home/task_management_project/task_management_devops/ansible/.vault_pass was not found

2026-02-11 12:07:52,923 p=7509 u=chedli n=ansible | ERROR! The vault password file /home/task_management_project/task_management_devops/ansible/.vault_pass was not found
2026-02-11 12:10:36,830 p=8036 u=chedli n=ansible | PLAY [Deploy Task Manager Application] **************************************************************************************************************************************************************************
2026-02-11 12:10:36,839 p=8036 u=chedli n=ansible | TASK [Gathering Facts] ******************************************************************************************************************************************************************************************
2026-02-11 12:10:39,389 p=8036 u=chedli n=ansible | ok: [taskmanager-vm]
2026-02-11 12:10:39,391 p=8036 u=chedli n=ansible | TASK [Ensure application directory exists] **********************************************************************************************************************************************************************
2026-02-11 12:10:39,861 p=8036 u=chedli n=ansible | ok: [taskmanager-vm]
2026-02-11 12:10:39,873 p=8036 u=chedli n=ansible | TASK [application : Copy docker-compose file] *******************************************************************************************************************************************************************
2026-02-11 12:10:40,074 p=8036 u=chedli n=ansible | An exception occurred during task execution. To see the full traceback, use -vvv. The error was: ansible.errors.AnsibleUndefinedVariable: {{ vault_db_password }}: 'vault_db_password' is undefined. 'vault_db_password' is undefined. {{ vault_db_password }}: 'vault_db_password' is undefined. 'vault_db_password' is undefined
2026-02-11 12:10:40,074 p=8036 u=chedli n=ansible | fatal: [taskmanager-vm]: FAILED! => {"changed": false, "msg": "AnsibleUndefinedVariable: {{ vault_db_password }}: 'vault_db_password' is undefined. 'vault_db_password' is undefined. {{ vault_db_password }}: 'vault_db_password' is undefined. 'vault_db_password' is undefined"}
2026-02-11 12:10:40,076 p=8036 u=chedli n=ansible | PLAY RECAP ******************************************************************************************************************************************************************************************************
2026-02-11 12:10:40,077 p=8036 u=chedli n=ansible | taskmanager-vm             : ok=2    changed=0    unreachable=0    failed=1    skipped=0    rescued=0    ignored=0   
2026-02-11 12:15:08,260 p=8896 u=chedli n=ansible | PLAY [Deploy Task Manager Application] **************************************************************************************************************************************************************************
2026-02-11 12:15:08,274 p=8896 u=chedli n=ansible | TASK [Ensure application directory exists] **********************************************************************************************************************************************************************
2026-02-11 12:15:12,608 p=8896 u=chedli n=ansible | ok: [taskmanager-vm]
2026-02-11 12:15:12,617 p=8896 u=chedli n=ansible | TASK [application : Copy docker-compose file] *******************************************************************************************************************************************************************
2026-02-11 12:15:13,544 p=8896 u=chedli n=ansible | ok: [taskmanager-vm]
2026-02-11 12:15:13,548 p=8896 u=chedli n=ansible | TASK [application : Login to Docker Hub] ************************************************************************************************************************************************************************
2026-02-11 12:15:14,175 p=8896 u=chedli n=ansible | ok: [taskmanager-vm]
2026-02-11 12:15:14,178 p=8896 u=chedli n=ansible | TASK [application : Pull and start application containers] ******************************************************************************************************************************************************
2026-02-11 12:15:24,659 p=8896 u=chedli n=ansible | changed: [taskmanager-vm]
2026-02-11 12:15:24,665 p=8896 u=chedli n=ansible | TASK [backup : Create backup directory] *************************************************************************************************************************************************************************
2026-02-11 12:15:25,261 p=8896 u=chedli n=ansible | ok: [taskmanager-vm]
2026-02-11 12:15:25,265 p=8896 u=chedli n=ansible | TASK [backup : Copy backup script] ******************************************************************************************************************************************************************************
2026-02-11 12:15:26,222 p=8896 u=chedli n=ansible | ok: [taskmanager-vm]
2026-02-11 12:15:26,225 p=8896 u=chedli n=ansible | TASK [backup : Create backup cron job] **************************************************************************************************************************************************************************
2026-02-11 12:15:26,632 p=8896 u=chedli n=ansible | ok: [taskmanager-vm]
2026-02-11 12:15:26,645 p=8896 u=chedli n=ansible | TASK [Display application URL] **********************************************************************************************************************************************************************************
2026-02-11 12:15:26,654 p=8896 u=chedli n=ansible | ok: [taskmanager-vm] => {
    "msg": "Application deployed! Access at: http://51.107.71.198"
}
2026-02-11 12:15:26,660 p=8896 u=chedli n=ansible | PLAY RECAP ******************************************************************************************************************************************************************************************************
2026-02-11 12:15:26,661 p=8896 u=chedli n=ansible | taskmanager-vm             : ok=8    changed=1    unreachable=0    failed=0    skipped=0    rescued=0    ignored=0   
2026-02-11 15:13:33,960 p=40720 u=chedli n=ansible | PLAY [Setup Task Manager Server] ****************************************************************************************************
2026-02-11 15:13:33,970 p=40720 u=chedli n=ansible | ERROR! Attempting to decrypt but no vault secrets found
2026-02-11 15:14:13,228 p=40921 u=chedli n=ansible | PLAY [Setup Task Manager Server] ****************************************************************************************************
2026-02-11 15:14:13,242 p=40921 u=chedli n=ansible | TASK [Gathering Facts] **************************************************************************************************************
2026-02-11 15:14:15,721 p=40921 u=chedli n=ansible | ok: [taskmanager-vm]
2026-02-11 15:14:15,728 p=40921 u=chedli n=ansible | TASK [common : FORCE CLEANUP Remove broken Docker repo files before APT runs] *******************************************************
2026-02-11 15:14:17,079 p=40921 u=chedli n=ansible | changed: [taskmanager-vm]
2026-02-11 15:14:17,082 p=40921 u=chedli n=ansible | TASK [common : Update apt cache] ****************************************************************************************************
2026-02-11 15:14:29,999 p=40921 u=chedli n=ansible | changed: [taskmanager-vm]
2026-02-11 15:14:30,002 p=40921 u=chedli n=ansible | TASK [common : Upgrade all packages] ************************************************************************************************
2026-02-11 15:14:31,885 p=40921 u=chedli n=ansible | ok: [taskmanager-vm]
2026-02-11 15:14:31,887 p=40921 u=chedli n=ansible | TASK [common : Install common packages] *********************************************************************************************
2026-02-11 15:14:33,220 p=40921 u=chedli n=ansible | ok: [taskmanager-vm]
2026-02-11 15:14:33,222 p=40921 u=chedli n=ansible | TASK [common : Set timezone to UTC] *************************************************************************************************
2026-02-11 15:14:33,761 p=40921 u=chedli n=ansible | ok: [taskmanager-vm]
2026-02-11 15:14:33,764 p=40921 u=chedli n=ansible | TASK [common : Ensure app directory exists] *****************************************************************************************
2026-02-11 15:14:34,170 p=40921 u=chedli n=ansible | ok: [taskmanager-vm]
2026-02-11 15:14:34,173 p=40921 u=chedli n=ansible | TASK [common : Ensure logs directory exists] ****************************************************************************************
2026-02-11 15:14:34,518 p=40921 u=chedli n=ansible | ok: [taskmanager-vm]
2026-02-11 15:14:34,522 p=40921 u=chedli n=ansible | TASK [docker : Remove old Docker versions] ******************************************************************************************
2026-02-11 15:14:35,448 p=40921 u=chedli n=ansible | ok: [taskmanager-vm]
2026-02-11 15:14:35,450 p=40921 u=chedli n=ansible | TASK [docker : Install Docker prerequisites] ****************************************************************************************
2026-02-11 15:14:36,739 p=40921 u=chedli n=ansible | ok: [taskmanager-vm]
2026-02-11 15:14:36,742 p=40921 u=chedli n=ansible | TASK [docker : Remove conflicting Docker repository entries] ************************************************************************
2026-02-11 15:14:37,162 p=40921 u=chedli n=ansible | ok: [taskmanager-vm] => (item=/etc/apt/sources.list.d/docker.list)
2026-02-11 15:14:37,517 p=40921 u=chedli n=ansible | ok: [taskmanager-vm] => (item=/etc/apt/sources.list.d/download_docker_com_linux_ubuntu.list)
2026-02-11 15:14:37,521 p=40921 u=chedli n=ansible | TASK [docker : Create directory for Docker GPG key] *********************************************************************************
2026-02-11 15:14:37,874 p=40921 u=chedli n=ansible | ok: [taskmanager-vm]
2026-02-11 15:14:37,878 p=40921 u=chedli n=ansible | TASK [docker : Add Docker GPG key (Modern way )] ************************************************************************************
2026-02-11 15:14:38,456 p=40921 u=chedli n=ansible | ok: [taskmanager-vm]
2026-02-11 15:14:38,460 p=40921 u=chedli n=ansible | TASK [docker : Add Docker repository] ***********************************************************************************************
2026-02-11 15:14:44,788 p=40921 u=chedli n=ansible | changed: [taskmanager-vm]
2026-02-11 15:14:44,791 p=40921 u=chedli n=ansible | TASK [docker : Install Docker and Compose Plugin] ***********************************************************************************
2026-02-11 15:14:46,100 p=40921 u=chedli n=ansible | ok: [taskmanager-vm]
2026-02-11 15:14:46,102 p=40921 u=chedli n=ansible | TASK [docker : Ensure Docker service is running] ************************************************************************************
2026-02-11 15:14:46,873 p=40921 u=chedli n=ansible | ok: [taskmanager-vm]
2026-02-11 15:14:46,876 p=40921 u=chedli n=ansible | TASK [docker : Add user to docker group] ********************************************************************************************
2026-02-11 15:14:47,361 p=40921 u=chedli n=ansible | ok: [taskmanager-vm]
2026-02-11 15:14:47,366 p=40921 u=chedli n=ansible | TASK [Display completion message] ***************************************************************************************************
2026-02-11 15:14:47,374 p=40921 u=chedli n=ansible | ok: [taskmanager-vm] => {
    "msg": "Server setup complete! Ready for application deployment."
}
2026-02-11 15:14:47,383 p=40921 u=chedli n=ansible | PLAY RECAP **************************************************************************************************************************
2026-02-11 15:14:47,383 p=40921 u=chedli n=ansible | taskmanager-vm             : ok=18   changed=3    unreachable=0    failed=0    skipped=0    rescued=0    ignored=0   
2026-02-11 15:15:22,936 p=41456 u=chedli n=ansible | PLAY [Deploy Task Manager Application] **********************************************************************************************
2026-02-11 15:15:22,951 p=41456 u=chedli n=ansible | TASK [Ensure application directory exists] ******************************************************************************************
2026-02-11 15:15:23,430 p=41456 u=chedli n=ansible | ok: [taskmanager-vm]
2026-02-11 15:15:23,445 p=41456 u=chedli n=ansible | TASK [application : Copy docker-compose file] ***************************************************************************************
2026-02-11 15:15:24,718 p=41456 u=chedli n=ansible | changed: [taskmanager-vm]
2026-02-11 15:15:24,722 p=41456 u=chedli n=ansible | TASK [application : Login to Docker Hub] ********************************************************************************************
2026-02-11 15:15:25,314 p=41456 u=chedli n=ansible | ok: [taskmanager-vm]
2026-02-11 15:15:25,317 p=41456 u=chedli n=ansible | TASK [application : Pull and start application containers] **************************************************************************
2026-02-11 15:15:58,675 p=41456 u=chedli n=ansible | changed: [taskmanager-vm]
2026-02-11 15:15:58,681 p=41456 u=chedli n=ansible | TASK [backup : Create backup directory] *********************************************************************************************
2026-02-11 15:15:59,234 p=41456 u=chedli n=ansible | ok: [taskmanager-vm]
2026-02-11 15:15:59,238 p=41456 u=chedli n=ansible | TASK [backup : Copy backup script] **************************************************************************************************
2026-02-11 15:16:00,144 p=41456 u=chedli n=ansible | ok: [taskmanager-vm]
2026-02-11 15:16:00,147 p=41456 u=chedli n=ansible | TASK [backup : Create backup cron job] **********************************************************************************************
2026-02-11 15:16:00,520 p=41456 u=chedli n=ansible | ok: [taskmanager-vm]
2026-02-11 15:16:00,531 p=41456 u=chedli n=ansible | TASK [Display application URL] ******************************************************************************************************
2026-02-11 15:16:00,540 p=41456 u=chedli n=ansible | ok: [taskmanager-vm] => {
    "msg": "Application deployed! Access at: http://51.107.71.198"
}
2026-02-11 15:16:00,546 p=41456 u=chedli n=ansible | PLAY RECAP **************************************************************************************************************************
2026-02-11 15:16:00,546 p=41456 u=chedli n=ansible | taskmanager-vm             : ok=8    changed=2    unreachable=0    failed=0    skipped=0    rescued=0    ignored=0   
2026-02-17 20:05:14,317 p=7752 u=chedli n=ansible | PLAY [Setup Task Manager Server] ***************************************************************************************
2026-02-17 20:05:14,336 p=7752 u=chedli n=ansible | TASK [Gathering Facts] *************************************************************************************************
2026-02-17 20:05:19,289 p=7752 u=chedli n=ansible | ok: [taskmanager-vm]
2026-02-17 20:05:19,297 p=7752 u=chedli n=ansible | TASK [common : FORCE CLEANUP Remove broken Docker repo files before APT runs] ******************************************
2026-02-17 20:05:19,791 p=7752 u=chedli n=ansible | changed: [taskmanager-vm]
2026-02-17 20:05:19,795 p=7752 u=chedli n=ansible | TASK [common : Update apt cache] ***************************************************************************************
2026-02-17 20:05:20,817 p=7752 u=chedli n=ansible | ok: [taskmanager-vm]
2026-02-17 20:05:20,820 p=7752 u=chedli n=ansible | TASK [common : Upgrade all packages] ***********************************************************************************
2026-02-17 20:05:22,847 p=7752 u=chedli n=ansible | ok: [taskmanager-vm]
2026-02-17 20:05:22,850 p=7752 u=chedli n=ansible | TASK [common : Install common packages] ********************************************************************************
2026-02-17 20:05:30,382 p=7752 u=chedli n=ansible | changed: [taskmanager-vm]
2026-02-17 20:05:30,385 p=7752 u=chedli n=ansible | TASK [common : Set timezone to UTC] ************************************************************************************
2026-02-17 20:05:31,008 p=7752 u=chedli n=ansible | changed: [taskmanager-vm]
2026-02-17 20:05:31,011 p=7752 u=chedli n=ansible | TASK [common : Ensure app directory exists] ****************************************************************************
2026-02-17 20:05:31,458 p=7752 u=chedli n=ansible | ok: [taskmanager-vm]
2026-02-17 20:05:31,460 p=7752 u=chedli n=ansible | TASK [common : Ensure logs directory exists] ***************************************************************************
2026-02-17 20:05:31,801 p=7752 u=chedli n=ansible | changed: [taskmanager-vm]
2026-02-17 20:05:31,807 p=7752 u=chedli n=ansible | TASK [docker : Remove old Docker versions] *****************************************************************************
2026-02-17 20:05:32,683 p=7752 u=chedli n=ansible | ok: [taskmanager-vm]
2026-02-17 20:05:32,686 p=7752 u=chedli n=ansible | TASK [docker : Install Docker prerequisites] ***************************************************************************
2026-02-17 20:05:39,003 p=7752 u=chedli n=ansible | changed: [taskmanager-vm]
2026-02-17 20:05:39,007 p=7752 u=chedli n=ansible | TASK [docker : Remove conflicting Docker repository entries] ***********************************************************
2026-02-17 20:05:39,464 p=7752 u=chedli n=ansible | ok: [taskmanager-vm] => (item=/etc/apt/sources.list.d/docker.list)
2026-02-17 20:05:39,796 p=7752 u=chedli n=ansible | ok: [taskmanager-vm] => (item=/etc/apt/sources.list.d/download_docker_com_linux_ubuntu.list)
2026-02-17 20:05:39,799 p=7752 u=chedli n=ansible | TASK [docker : Create directory for Docker GPG key] ********************************************************************
2026-02-17 20:05:40,138 p=7752 u=chedli n=ansible | ok: [taskmanager-vm]
2026-02-17 20:05:40,141 p=7752 u=chedli n=ansible | TASK [docker : Add Docker GPG key (Modern way )] ***********************************************************************
2026-02-17 20:05:40,744 p=7752 u=chedli n=ansible | [WARNING]: Module remote_tmp /root/.ansible/tmp did not exist and was created with a mode of 0700, this may cause
issues when running as another user. To avoid this, create the remote_tmp dir with the correct permissions manually

2026-02-17 20:05:40,744 p=7752 u=chedli n=ansible | changed: [taskmanager-vm]
2026-02-17 20:05:40,748 p=7752 u=chedli n=ansible | TASK [docker : Add Docker repository] **********************************************************************************
2026-02-17 20:05:47,791 p=7752 u=chedli n=ansible | changed: [taskmanager-vm]
2026-02-17 20:05:47,794 p=7752 u=chedli n=ansible | TASK [docker : Install Docker and Compose Plugin] **********************************************************************
2026-02-17 20:06:11,348 p=7752 u=chedli n=ansible | changed: [taskmanager-vm]
2026-02-17 20:06:11,352 p=7752 u=chedli n=ansible | TASK [docker : Ensure Docker service is running] ***********************************************************************
2026-02-17 20:06:12,189 p=7752 u=chedli n=ansible | ok: [taskmanager-vm]
2026-02-17 20:06:12,192 p=7752 u=chedli n=ansible | TASK [docker : Add user to docker group] *******************************************************************************
2026-02-17 20:06:12,817 p=7752 u=chedli n=ansible | changed: [taskmanager-vm]
2026-02-17 20:06:12,824 p=7752 u=chedli n=ansible | TASK [Display completion message] **************************************************************************************
2026-02-17 20:06:12,833 p=7752 u=chedli n=ansible | ok: [taskmanager-vm] => {
    "msg": "Server setup complete! Ready for application deployment."
}
2026-02-17 20:06:12,840 p=7752 u=chedli n=ansible | RUNNING HANDLER [docker : restart docker] ******************************************************************************
2026-02-17 20:06:13,986 p=7752 u=chedli n=ansible | changed: [taskmanager-vm]
2026-02-17 20:06:13,992 p=7752 u=chedli n=ansible | PLAY RECAP *************************************************************************************************************
2026-02-17 20:06:13,992 p=7752 u=chedli n=ansible | taskmanager-vm             : ok=19   changed=10   unreachable=0    failed=0    skipped=0    rescued=0    ignored=0   
2026-02-17 20:08:29,217 p=8422 u=chedli n=ansible | PLAY [Deploy Task Manager Application] *********************************************************************************
2026-02-17 20:08:29,232 p=8422 u=chedli n=ansible | TASK [Ensure application directory exists] *****************************************************************************
2026-02-17 20:08:30,399 p=8422 u=chedli n=ansible | ok: [taskmanager-vm]
2026-02-17 20:08:30,414 p=8422 u=chedli n=ansible | TASK [application : Copy docker-compose file] **************************************************************************
2026-02-17 20:08:31,883 p=8422 u=chedli n=ansible | changed: [taskmanager-vm]
2026-02-17 20:08:31,887 p=8422 u=chedli n=ansible | TASK [application : Login to Docker Hub] *******************************************************************************
2026-02-17 20:08:33,296 p=8422 u=chedli n=ansible | changed: [taskmanager-vm]
2026-02-17 20:08:33,300 p=8422 u=chedli n=ansible | TASK [application : Pull and start application containers] *************************************************************
2026-02-17 20:09:05,105 p=8422 u=chedli n=ansible | changed: [taskmanager-vm]
2026-02-17 20:09:05,110 p=8422 u=chedli n=ansible | TASK [backup : Create backup directory] ********************************************************************************
2026-02-17 20:09:06,682 p=8422 u=chedli n=ansible | changed: [taskmanager-vm]
2026-02-17 20:09:06,686 p=8422 u=chedli n=ansible | TASK [backup : Copy backup script] *************************************************************************************
2026-02-17 20:09:10,518 p=8422 u=chedli n=ansible | changed: [taskmanager-vm]
2026-02-17 20:09:10,523 p=8422 u=chedli n=ansible | TASK [backup : Create backup cron job] *********************************************************************************
2026-02-17 20:09:11,184 p=8422 u=chedli n=ansible | changed: [taskmanager-vm]
2026-02-17 20:09:11,196 p=8422 u=chedli n=ansible | TASK [Display application URL] *****************************************************************************************
2026-02-17 20:09:11,206 p=8422 u=chedli n=ansible | ok: [taskmanager-vm] => {
    "msg": "Application deployed! Access at: http://20.203.145.96"
}
2026-02-17 20:09:11,212 p=8422 u=chedli n=ansible | PLAY RECAP *************************************************************************************************************
2026-02-17 20:09:11,212 p=8422 u=chedli n=ansible | taskmanager-vm             : ok=8    changed=6    unreachable=0    failed=0    skipped=0    rescued=0    ignored=0   
2026-02-17 20:59:44,222 p=18635 u=chedli n=ansible | PLAY [Deploy Task Manager Application] *********************************************************************************
2026-02-17 20:59:44,248 p=18635 u=chedli n=ansible | TASK [Ensure application directory exists] *****************************************************************************
2026-02-17 20:59:45,652 p=18635 u=chedli n=ansible | ok: [taskmanager-vm]
2026-02-17 20:59:45,663 p=18635 u=chedli n=ansible | TASK [application : Copy docker-compose file] **************************************************************************
2026-02-17 20:59:47,393 p=18635 u=chedli n=ansible | changed: [taskmanager-vm]
2026-02-17 20:59:47,397 p=18635 u=chedli n=ansible | TASK [application : Login to Docker Hub] *******************************************************************************
2026-02-17 20:59:48,069 p=18635 u=chedli n=ansible | ok: [taskmanager-vm]
2026-02-17 20:59:48,074 p=18635 u=chedli n=ansible | TASK [application : Pull and start application containers] *************************************************************
2026-02-17 21:00:11,526 p=18635 u=chedli n=ansible | changed: [taskmanager-vm]
2026-02-17 21:00:11,533 p=18635 u=chedli n=ansible | TASK [backup : Create backup directory] ********************************************************************************
2026-02-17 21:00:12,108 p=18635 u=chedli n=ansible | ok: [taskmanager-vm]
2026-02-17 21:00:12,112 p=18635 u=chedli n=ansible | TASK [backup : Copy backup script] *************************************************************************************
2026-02-17 21:00:13,044 p=18635 u=chedli n=ansible | ok: [taskmanager-vm]
2026-02-17 21:00:13,048 p=18635 u=chedli n=ansible | TASK [backup : Create backup cron job] *********************************************************************************
2026-02-17 21:00:13,434 p=18635 u=chedli n=ansible | ok: [taskmanager-vm]
2026-02-17 21:00:13,456 p=18635 u=chedli n=ansible | TASK [Display application URL] *****************************************************************************************
2026-02-17 21:00:13,467 p=18635 u=chedli n=ansible | ok: [taskmanager-vm] => {
    "msg": "Application deployed! Access at: http://20.203.145.96"
}
2026-02-17 21:00:13,474 p=18635 u=chedli n=ansible | PLAY RECAP *************************************************************************************************************
2026-02-17 21:00:13,474 p=18635 u=chedli n=ansible | taskmanager-vm             : ok=8    changed=2    unreachable=0    failed=0    skipped=0    rescued=0    ignored=0   
2026-03-26 21:28:56,378 p=80025 u=chedli n=ansible | PLAY [Setup Task Manager Server] ***************************************************************************************
2026-03-26 21:28:56,408 p=80025 u=chedli n=ansible | TASK [Gathering Facts] *************************************************************************************************
2026-03-26 21:29:01,070 p=80025 u=chedli n=ansible | ok: [taskmanager-vm]
2026-03-26 21:29:01,077 p=80025 u=chedli n=ansible | TASK [common : FORCE CLEANUP Remove broken Docker repo files before APT runs] ******************************************
2026-03-26 21:29:02,273 p=80025 u=chedli n=ansible | changed: [taskmanager-vm]
2026-03-26 21:29:02,277 p=80025 u=chedli n=ansible | TASK [common : Update apt cache] ***************************************************************************************
2026-03-26 21:29:04,213 p=80025 u=chedli n=ansible | ok: [taskmanager-vm]
2026-03-26 21:29:04,215 p=80025 u=chedli n=ansible | TASK [common : Upgrade all packages] ***********************************************************************************
2026-03-26 21:29:06,738 p=80025 u=chedli n=ansible | ok: [taskmanager-vm]
2026-03-26 21:29:06,741 p=80025 u=chedli n=ansible | TASK [common : Install common packages] ********************************************************************************
2026-03-26 21:29:14,309 p=80025 u=chedli n=ansible | changed: [taskmanager-vm]
2026-03-26 21:29:14,313 p=80025 u=chedli n=ansible | TASK [common : Set timezone to UTC] ************************************************************************************
2026-03-26 21:29:15,761 p=80025 u=chedli n=ansible | changed: [taskmanager-vm]
2026-03-26 21:29:15,764 p=80025 u=chedli n=ansible | TASK [common : Ensure app directory exists] ****************************************************************************
2026-03-26 21:29:17,091 p=80025 u=chedli n=ansible | ok: [taskmanager-vm]
2026-03-26 21:29:17,093 p=80025 u=chedli n=ansible | TASK [common : Ensure logs directory exists] ***************************************************************************
2026-03-26 21:29:18,365 p=80025 u=chedli n=ansible | changed: [taskmanager-vm]
2026-03-26 21:29:18,370 p=80025 u=chedli n=ansible | TASK [docker : Remove old Docker versions] *****************************************************************************
2026-03-26 21:29:20,328 p=80025 u=chedli n=ansible | ok: [taskmanager-vm]
2026-03-26 21:29:20,331 p=80025 u=chedli n=ansible | TASK [docker : Install Docker prerequisites] ***************************************************************************
2026-03-26 21:29:27,512 p=80025 u=chedli n=ansible | changed: [taskmanager-vm]
2026-03-26 21:29:27,515 p=80025 u=chedli n=ansible | TASK [docker : Remove conflicting Docker repository entries] ***********************************************************
2026-03-26 21:29:28,915 p=80025 u=chedli n=ansible | ok: [taskmanager-vm] => (item=/etc/apt/sources.list.d/docker.list)
2026-03-26 21:29:30,218 p=80025 u=chedli n=ansible | ok: [taskmanager-vm] => (item=/etc/apt/sources.list.d/download_docker_com_linux_ubuntu.list)
2026-03-26 21:29:30,222 p=80025 u=chedli n=ansible | TASK [docker : Create directory for Docker GPG key] ********************************************************************
2026-03-26 21:29:31,518 p=80025 u=chedli n=ansible | ok: [taskmanager-vm]
2026-03-26 21:29:31,521 p=80025 u=chedli n=ansible | TASK [docker : Add Docker GPG key (Modern way )] ***********************************************************************
2026-03-26 21:29:33,270 p=80025 u=chedli n=ansible | [WARNING]: Module remote_tmp /root/.ansible/tmp did not exist and was created with a mode of 0700, this may cause
issues when running as another user. To avoid this, create the remote_tmp dir with the correct permissions manually

2026-03-26 21:29:33,271 p=80025 u=chedli n=ansible | changed: [taskmanager-vm]
2026-03-26 21:29:33,274 p=80025 u=chedli n=ansible | TASK [docker : Add Docker repository] **********************************************************************************
2026-03-26 21:29:39,958 p=80025 u=chedli n=ansible | changed: [taskmanager-vm]
2026-03-26 21:29:39,961 p=80025 u=chedli n=ansible | TASK [docker : Install Docker and Compose Plugin] **********************************************************************
2026-03-26 21:30:04,823 p=80025 u=chedli n=ansible | changed: [taskmanager-vm]
2026-03-26 21:30:04,826 p=80025 u=chedli n=ansible | TASK [docker : Ensure Docker service is running] ***********************************************************************
2026-03-26 21:30:07,693 p=80025 u=chedli n=ansible | ok: [taskmanager-vm]
2026-03-26 21:30:07,695 p=80025 u=chedli n=ansible | TASK [docker : Add user to docker group] *******************************************************************************
2026-03-26 21:30:09,318 p=80025 u=chedli n=ansible | changed: [taskmanager-vm]
2026-03-26 21:30:09,324 p=80025 u=chedli n=ansible | TASK [Display completion message] **************************************************************************************
2026-03-26 21:30:09,332 p=80025 u=chedli n=ansible | ok: [taskmanager-vm] => {
    "msg": "Server setup complete! Ready for application deployment."
}
2026-03-26 21:30:09,338 p=80025 u=chedli n=ansible | RUNNING HANDLER [docker : restart docker] ******************************************************************************
2026-03-26 21:30:12,175 p=80025 u=chedli n=ansible | changed: [taskmanager-vm]
2026-03-26 21:30:12,181 p=80025 u=chedli n=ansible | PLAY RECAP *************************************************************************************************************
2026-03-26 21:30:12,181 p=80025 u=chedli n=ansible | taskmanager-vm             : ok=19   changed=10   unreachable=0    failed=0    skipped=0    rescued=0    ignored=0   
2026-03-26 21:32:19,757 p=80992 u=chedli n=ansible | PLAY [Deploy Task Manager Application] *********************************************************************************
2026-03-26 21:32:19,780 p=80992 u=chedli n=ansible | TASK [Ensure application directory exists] *****************************************************************************
2026-03-26 21:32:22,118 p=80992 u=chedli n=ansible | ok: [taskmanager-vm]
2026-03-26 21:32:22,133 p=80992 u=chedli n=ansible | TASK [application : Copy monitoring configuration directory] ***********************************************************
2026-03-26 21:32:22,152 p=80992 u=chedli n=ansible | [DEPRECATION WARNING]: The connection's stdin object is deprecated. Call display.prompt_until(msg) instead. This 
feature will be removed in version 2.19. Deprecation warnings can be disabled by setting deprecation_warnings=False in 
ansible.cfg.
2026-03-26 21:32:23,673 p=80992 u=chedli n=ansible | changed: [taskmanager-vm]
2026-03-26 21:32:23,678 p=80992 u=chedli n=ansible | TASK [application : Copy docker-compose file] **************************************************************************
2026-03-26 21:32:27,423 p=80992 u=chedli n=ansible | changed: [taskmanager-vm]
2026-03-26 21:32:27,428 p=80992 u=chedli n=ansible | TASK [application : Login to Docker Hub] *******************************************************************************
2026-03-26 21:32:30,282 p=80992 u=chedli n=ansible | changed: [taskmanager-vm]
2026-03-26 21:32:30,286 p=80992 u=chedli n=ansible | TASK [application : Pull and start application containers] *************************************************************
2026-03-26 21:33:49,660 p=80992 u=chedli n=ansible | fatal: [taskmanager-vm]: FAILED! => {"actions": [{"id": "chedli01/task-manager-frontend:latest", "status": "Pulling", "what": "image"}, {"id": "prom/prometheus:latest", "status": "Pulling", "what": "image"}, {"id": "grafana/grafana:latest", "status": "Pulling", "what": "image"}, {"id": "chedli01/task-manager-backend:latest", "status": "Pulling", "what": "image"}, {"id": "gcr.io/cadvisor/cadvisor:latest", "status": "Pulling", "what": "image"}, {"id": "prom/node-exporter:latest", "status": "Pulling", "what": "image"}, {"id": "postgres:15-alpine", "status": "Pulling", "what": "image"}, {"id": "redis:7-alpine", "status": "Pulling", "what": "image"}, {"id": "task-manager_task-manager-network", "status": "Creating", "what": "network"}, {"id": "task-manager_grafana_data", "status": "Creating", "what": "volume"}, {"id": "task-manager_postgres_data", "status": "Creating", "what": "volume"}, {"id": "task-manager_prometheus_data", "status": "Creating", "what": "volume"}, {"id": "node-exporter", "status": "Creating", "what": "container"}, {"id": "task-manager-db", "status": "Creating", "what": "container"}, {"id": "cadvisor", "status": "Creating", "what": "container"}, {"id": "task-manager-redis", "status": "Creating", "what": "container"}, {"id": "prometheus", "status": "Creating", "what": "container"}, {"id": "task-manager-api", "status": "Creating", "what": "container"}, {"id": "grafana", "status": "Creating", "what": "container"}, {"id": "task-manager-frontend", "status": "Creating", "what": "container"}, {"id": "task-manager-redis", "status": "Starting", "what": "container"}, {"id": "node-exporter", "status": "Starting", "what": "container"}, {"id": "task-manager-db", "status": "Starting", "what": "container"}, {"id": "cadvisor", "status": "Starting", "what": "container"}, {"id": "task-manager-db", "status": "Waiting", "what": "container"}, {"id": "prometheus", "status": "Starting", "what": "container"}, {"id": "task-manager-api", "status": "Starting", "what": "container"}], "changed": true, "cmd": "/usr/bin/docker compose --ansi never --progress plain --project-directory /opt/task-manager --file docker-compose.yml up --detach --no-color --quiet-pull --pull always --no-build --", "containers": [{"Command": "\"/usr/bin/cadvisor -logtostderr\"", "CreatedAt": "2026-03-26 20:33:35 +0000 UTC", "ExitCode": 0, "Health": "starting", "ID": "a53f2774575e53e1f9ee19296e548804620bde81c4dc1b35cfe35344ed5de7e0", "Image": "gcr.io/cadvisor/cadvisor:latest", "Labels": {"com.docker.compose.config-hash": "cc804b0d8685f8baa07e419e77c23b601ec989d80859ae33c5743613b0bef802", "com.docker.compose.container-number": "1", "com.docker.compose.depends_on": "", "com.docker.compose.image": "sha256:3de2bd5203120b866d74a9b283b2ffb8ec382fbf9dc321814700c6ea6f44ec57", "com.docker.compose.oneoff": "False", "com.docker.compose.project": "task-manager", "com.docker.compose.project.config_files": "/opt/task-manager/docker-compose.yml", "com.docker.compose.project.working_dir": "/opt/task-manager", "com.docker.compose.service": "cadvisor", "com.docker.compose.version": "5.1.1"}, "LocalVolumes": "0", "Mounts": "/,/sys,/var/lib/docker,/var/run,/dev/disk", "Name": "cadvisor", "Names": ["cadvisor"], "Networks": ["task-manager_task-manager-network"], "Ports": "0.0.0.0:8080->8080/tcp, [::]:8080->8080/tcp", "Project": "task-manager", "Publishers": [{"Protocol": "tcp", "PublishedPort": 8080, "TargetPort": 8080, "URL": "0.0.0.0"}, {"Protocol": "tcp", "PublishedPort": 8080, "TargetPort": 8080, "URL": "::"}], "RunningFor": "14 seconds ago", "Service": "cadvisor", "Size": "0B", "State": "running", "Status": "Up 6 seconds (health: starting)"}, {"Command": "\"/run.sh\"", "CreatedAt": "2026-03-26 20:33:42 +0000 UTC", "ExitCode": 0, "Health": "", "ID": "d4465dccb6c9d0e18fe230b7663bc5887bb9209439aa09ea1d89be979e472b86", "Image": "grafana/grafana:latest", "Labels": {"com.docker.compose.config-hash": "af9b32ade0d3981adbd01314c8b27e067025cf1e470bfb6094b9d7011724a6c0", "com.docker.compose.container-number": "1", "com.docker.compose.depends_on": "prometheus:service_started:false", "com.docker.compose.image": "sha256:83749231c3835e390a3144e5e940203e42b9589761f20ef3169c716e734ad505", "com.docker.compose.oneoff": "False", "com.docker.compose.project": "task-manager", "com.docker.compose.project.config_files": "/opt/task-manager/docker-compose.yml", "com.docker.compose.project.working_dir": "/opt/task-manager", "com.docker.compose.service": "grafana", "com.docker.compose.version": "5.1.1", "maintainer": "Grafana Labs <hello@grafana.com>", "org.opencontainers.image.source": "https://github.com/grafana/grafana"}, "LocalVolumes": "1", "Mounts": "task-manager_grafana_data,/opt/task-manager/grafana/datasources/prometheus.yml", "Name": "grafana", "Names": ["grafana"], "Networks": ["task-manager_task-manager-network"], "Ports": "", "Project": "task-manager", "Publishers": [], "RunningFor": "7 seconds ago", "Service": "grafana", "Size": "0B", "State": "created", "Status": "Created"}, {"Command": "\"/bin/node_exporter --path.procfs=/host/proc --path.rootfs=/rootfs --path.sysfs=/host/sys --collector.filesystem.mount-points-exclude=^/(sys|proc|dev|host|etc)($|/)\"", "CreatedAt": "2026-03-26 20:33:35 +0000 UTC", "ExitCode": 0, "Health": "", "ID": "e0743ec7f748c643fe63e4dff692fab978f12b782e3559914e7b92055bce2e2f", "Image": "prom/node-exporter:latest", "Labels": {"com.docker.compose.config-hash": "2694fbc4a748b833966eaa66ffd597a564c6bbbc9a1c1953ccd8456293480c65", "com.docker.compose.container-number": "1", "com.docker.compose.depends_on": "", "com.docker.compose.image": "sha256:3ac34ce007accad95afed72149e0d2b927b7e42fd1c866149b945b84737c62c3", "com.docker.compose.oneoff": "False", "com.docker.compose.project": "task-manager", "com.docker.compose.project.config_files": "/opt/task-manager/docker-compose.yml", "com.docker.compose.project.working_dir": "/opt/task-manager", "com.docker.compose.service": "node-exporter", "com.docker.compose.version": "5.1.1", "maintainer": "The Prometheus Authors <prometheus-developers@googlegroups.com>"}, "LocalVolumes": "0", "Mounts": "/proc,/sys,/", "Name": "node-exporter", "Names": ["node-exporter"], "Networks": ["task-manager_task-manager-network"], "Ports": "0.0.0.0:9100->9100/tcp, [::]:9100->9100/tcp", "Project": "task-manager", "Publishers": [{"Protocol": "tcp", "PublishedPort": 9100, "TargetPort": 9100, "URL": "0.0.0.0"}, {"Protocol": "tcp", "PublishedPort": 9100, "TargetPort": 9100, "URL": "::"}], "RunningFor": "14 seconds ago", "Service": "node-exporter", "Size": "0B", "State": "running", "Status": "Up 6 seconds"}, {"Command": "\"/bin/prometheus --config.file=/etc/prometheus/prometheus.yml --storage.tsdb.path=/prometheus --web.console.libraries=/usr/share/prometheus/console_libraries --web.console.templates=/usr/share/prometheus/consoles --web.enable-lifecycle\"", "CreatedAt": "2026-03-26 20:33:41 +0000 UTC", "ExitCode": 0, "Health": "", "ID": "452a5235b0552a86d487851a16076b52b989a960c676be59ea5ee7919fd9ba7f", "Image": "prom/prometheus:latest", "Labels": {"com.docker.compose.config-hash": "36c45afedebaa0768f196cbe3a855b65f11ad35ad7e071a5c9f63bd22e1ce764", "com.docker.compose.container-number": "1", "com.docker.compose.depends_on": "node-exporter:service_started:false", "com.docker.compose.image": "sha256:4a61322ac1103a0e3aea2a61ef1718422a48fa046441f299d71e660a3bc71ae9", "com.docker.compose.oneoff": "False", "com.docker.compose.project": "task-manager", "com.docker.compose.project.config_files": "/opt/task-manager/docker-compose.yml", "com.docker.compose.project.working_dir": "/opt/task-manager", "com.docker.compose.service": "prometheus", "com.docker.compose.version": "5.1.1", "io.prometheus.image.variant": "busybox", "maintainer": "The Prometheus Authors <prometheus-developers@googlegroups.com>", "org.opencontainers.image.authors": "The Prometheus Authors", "org.opencontainers.image.description": "The Prometheus monitoring system and time series database", "org.opencontainers.image.documentation": "https://prometheus.io/docs", "org.opencontainers.image.licenses": "Apache License 2.0", "org.opencontainers.image.source": "https://github.com/prometheus/prometheus", "org.opencontainers.image.title": "Prometheus", "org.opencontainers.image.url": "https://github.com/prometheus/prometheus", "org.opencontainers.image.vendor": "Prometheus"}, "LocalVolumes": "1", "Mounts": "/opt/task-manager/monitoring/prometheus.yml,task-manager_prometheus_data", "Name": "prometheus", "Names": ["prometheus"], "Networks": ["task-manager_task-manager-network"], "Ports": "", "Project": "task-manager", "Publishers": [], "RunningFor": "8 seconds ago", "Service": "prometheus", "Size": "0B", "State": "created", "Status": "Created"}, {"Command": "\"docker-entrypoint.sh node dist/server.js\"", "CreatedAt": "2026-03-26 20:33:42 +0000 UTC", "ExitCode": 0, "Health": "", "ID": "cffba2926ee074a890553653c11e5a8a17ad2744ca31e253d380539486b4fa4f", "Image": "chedli01/task-manager-backend:latest", "Labels": {"com.docker.compose.config-hash": "3239e6240d2b1141c2d646adbf242c5496890d4e571aeefa2b7e8b0f9fdf20b6", "com.docker.compose.container-number": "1", "com.docker.compose.depends_on": "redis:service_started:false", "com.docker.compose.image": "sha256:a8d159b4f6564ac645fae1abfe0bf8c706086e8e4c4f534a2cb872d5c58aa14d", "com.docker.compose.oneoff": "False", "com.docker.compose.project": "task-manager", "com.docker.compose.project.config_files": "/opt/task-manager/docker-compose.yml", "com.docker.compose.project.working_dir": "/opt/task-manager", "com.docker.compose.service": "backend", "com.docker.compose.version": "5.1.1", "postgres:service_healthy:false": ""}, "LocalVolumes": "0", "Mounts": "", "Name": "task-manager-api", "Names": ["task-manager-api"], "Networks": ["task-manager_task-manager-network"], "Ports": "5000/tcp", "Project": "task-manager", "Publishers": [{"Protocol": "tcp", "PublishedPort": 0, "TargetPort": 5000, "URL": ""}], "RunningFor": "7 seconds ago", "Service": "backend", "Size": "0B", "State": "running", "Status": "Up Less than a second"}, {"Command": "\"docker-entrypoint.sh postgres\"", "CreatedAt": "2026-03-26 20:33:35 +0000 UTC", "ExitCode": 0, "Health": "healthy", "ID": "79812b945cd184c70fce79e54afb5c44d0351f2f9aae81d1e939487c9ecca543", "Image": "postgres:15-alpine", "Labels": {"com.docker.compose.config-hash": "8c02b80b920cfbf1235453a2118051a758072f988793c58a2e520abc6a699f99", "com.docker.compose.container-number": "1", "com.docker.compose.depends_on": "", "com.docker.compose.image": "sha256:fceb6f86328c36f2438fae3b851b0cc57c4a7e69a58c866d9ce24281f2cf0c9c", "com.docker.compose.oneoff": "False", "com.docker.compose.project": "task-manager", "com.docker.compose.project.config_files": "/opt/task-manager/docker-compose.yml", "com.docker.compose.project.working_dir": "/opt/task-manager", "com.docker.compose.service": "postgres", "com.docker.compose.version": "5.1.1"}, "LocalVolumes": "1", "Mounts": "task-manager_postgres_data", "Name": "task-manager-db", "Names": ["task-manager-db"], "Networks": ["task-manager_task-manager-network"], "Ports": "5432/tcp", "Project": "task-manager", "Publishers": [{"Protocol": "tcp", "PublishedPort": 0, "TargetPort": 5432, "URL": ""}], "RunningFor": "14 seconds ago", "Service": "postgres", "Size": "0B", "State": "running", "Status": "Up 6 seconds (healthy)"}, {"Command": "\"/docker-entrypoint.sh nginx -g 'daemon off;'\"", "CreatedAt": "2026-03-26 20:33:42 +0000 UTC", "ExitCode": 0, "Health": "", "ID": "d87b5b6195b2e019c3b811657e46a6ebee634089d96a41122d59907032bf663d", "Image": "chedli01/task-manager-frontend:latest", "Labels": {"com.docker.compose.config-hash": "2215c93fc7d1ac525fad2c95a46938bdf66f38d815b74d850e77c6f2d2a98261", "com.docker.compose.container-number": "1", "com.docker.compose.depends_on": "backend:service_started:false", "com.docker.compose.image": "sha256:369ce3514838081723e87edb63e2327b82451dad0947a3177495ec5d49be33af", "com.docker.compose.oneoff": "False", "com.docker.compose.project": "task-manager", "com.docker.compose.project.config_files": "/opt/task-manager/docker-compose.yml", "com.docker.compose.project.working_dir": "/opt/task-manager", "com.docker.compose.service": "frontend", "com.docker.compose.version": "5.1.1", "maintainer": "NGINX Docker Maintainers <docker-maint@nginx.com>"}, "LocalVolumes": "0", "Mounts": "", "Name": "task-manager-frontend", "Names": ["task-manager-frontend"], "Networks": ["task-manager_task-manager-network"], "Ports": "", "Project": "task-manager", "Publishers": [], "RunningFor": "7 seconds ago", "Service": "frontend", "Size": "0B", "State": "created", "Status": "Created"}, {"Command": "\"docker-entrypoint.sh redis-server\"", "CreatedAt": "2026-03-26 20:33:35 +0000 UTC", "ExitCode": 0, "Health": "", "ID": "fe566ce9b6aa447e01b7ea6f7f40d3c7206895fc2d98eb7b052a4f197efb4d71", "Image": "redis:7-alpine", "Labels": {"com.docker.compose.config-hash": "3c167b9a03c967520153d49acb9b71d66e27d0222b54dcf887aef0e2c4de2be9", "com.docker.compose.container-number": "1", "com.docker.compose.depends_on": "", "com.docker.compose.image": "sha256:8b81dd37ff027bec4e516d41acfbe9fe2460070dc6d4a4570a2ac5b9d59df065", "com.docker.compose.oneoff": "False", "com.docker.compose.project": "task-manager", "com.docker.compose.project.config_files": "/opt/task-manager/docker-compose.yml", "com.docker.compose.project.working_dir": "/opt/task-manager", "com.docker.compose.service": "redis", "com.docker.compose.version": "5.1.1"}, "LocalVolumes": "1", "Mounts": "481929e28d619e40ab8d7a8353b213a1e2550eb557ef34daaa72e0324dc9e807", "Name": "task-manager-redis", "Names": ["task-manager-redis"], "Networks": ["task-manager_task-manager-network"], "Ports": "6379/tcp", "Project": "task-manager", "Publishers": [{"Protocol": "tcp", "PublishedPort": 0, "TargetPort": 6379, "URL": ""}], "RunningFor": "14 seconds ago", "Service": "redis", "Size": "0B", "State": "running", "Status": "Up 6 seconds"}], "images": [{"ContainerName": "grafana", "Created": "2026-03-25T08:25:26.038690497Z", "ID": "sha256:83749231c3835e390a3144e5e940203e42b9589761f20ef3169c716e734ad505", "LastTagTime": "2026-03-26T20:33:35.464038486Z", "Platform": "linux/amd64", "Repository": "grafana/grafana", "Size": 213873728, "Tag": "latest"}, {"ContainerName": "prometheus", "Created": "2026-02-25T21:55:14.337039714Z", "ID": "sha256:4a61322ac1103a0e3aea2a61ef1718422a48fa046441f299d71e660a3bc71ae9", "LastTagTime": "2026-03-26T20:33:30.238461294Z", "Platform": "linux/amd64", "Repository": "prom/prometheus", "Size": 143647004, "Tag": "latest"}, {"ContainerName": "task-manager-redis", "Created": "2026-02-23T17:35:24.435278745Z", "ID": "sha256:8b81dd37ff027bec4e516d41acfbe9fe2460070dc6d4a4570a2ac5b9d59df065", "LastTagTime": "2026-03-26T20:33:11.540556053Z", "Platform": "linux/amd64", "Repository": "redis", "Size": 17253707, "Tag": "7-alpine"}, {"ContainerName": "task-manager-db", "Created": "2026-02-26T19:30:38.62435082Z", "ID": "sha256:fceb6f86328c36f2438fae3b851b0cc57c4a7e69a58c866d9ce24281f2cf0c9c", "LastTagTime": "2026-03-26T20:33:24.03351402Z", "Platform": "linux/amd64", "Repository": "postgres", "Size": 109182173, "Tag": "15-alpine"}, {"ContainerName": "node-exporter", "Created": "2025-10-25T20:11:06.221677387Z", "ID": "sha256:3ac34ce007accad95afed72149e0d2b927b7e42fd1c866149b945b84737c62c3", "LastTagTime": "2026-03-26T20:33:09.138762333Z", "Platform": "linux/amd64", "Repository": "prom/node-exporter", "Size": 13054407, "Tag": "latest"}, {"ContainerName": "cadvisor", "Created": "2025-12-25T00:34:28.940288058Z", "ID": "sha256:3de2bd5203120b866d74a9b283b2ffb8ec382fbf9dc321814700c6ea6f44ec57", "LastTagTime": "2026-03-26T20:33:12.349428819Z", "Platform": "linux/amd64", "Repository": "gcr.io/cadvisor/cadvisor", "Size": 30846422, "Tag": "latest"}, {"ContainerName": "task-manager-api", "Created": "2026-02-17T20:02:23.35844413Z", "ID": "sha256:a8d159b4f6564ac645fae1abfe0bf8c706086e8e4c4f534a2cb872d5c58aa14d", "LastTagTime": "2026-03-26T20:33:29.969200424Z", "Platform": "linux/amd64", "Repository": "chedli01/task-manager-backend", "Size": 59815209, "Tag": "latest"}, {"ContainerName": "task-manager-frontend", "Created": "2026-02-17T20:03:06.046764781Z", "ID": "sha256:369ce3514838081723e87edb63e2327b82451dad0947a3177495ec5d49be33af", "LastTagTime": "2026-03-26T20:33:12.699420326Z", "Platform": "linux/amd64", "Repository": "chedli01/task-manager-frontend", "Size": 26075421, "Tag": "latest"}], "msg": "General error: Error response from daemon: failed to create task for container: failed to create shim task: OCI runtime create failed: runc create failed: unable to start container process: error during container init: error mounting \"/opt/task-manager/monitoring/prometheus.yml\" to rootfs at \"/etc/prometheus/prometheus.yml\": mount src=/opt/task-manager/monitoring/prometheus.yml, dst=/etc/prometheus/prometheus.yml, dstFd=/proc/thread-self/fd/11, flags=MS_BIND|MS_REC: not a directory: Are you trying to mount a directory onto a file (or vice-versa)? Check if the specified host path exists and is the expected type", "rc": 1, "stderr": " Image chedli01/task-manager-frontend:latest Pulling \n Image prom/prometheus:latest Pulling \n Image grafana/grafana:latest Pulling \n Image chedli01/task-manager-backend:latest Pulling \n Image gcr.io/cadvisor/cadvisor:latest Pulling \n Image prom/node-exporter:latest Pulling \n Image postgres:15-alpine Pulling \n Image redis:7-alpine Pulling \n Image prom/node-exporter:latest Pulled \n Image redis:7-alpine Pulled \n Image gcr.io/cadvisor/cadvisor:latest Pulled \n Image chedli01/task-manager-frontend:latest Pulled \n Image postgres:15-alpine Pulled \n Image chedli01/task-manager-backend:latest Pulled \n Image prom/prometheus:latest Pulled \n Image grafana/grafana:latest Pulled \n Network task-manager_task-manager-network Creating \n Network task-manager_task-manager-network Created \n Volume task-manager_grafana_data Creating \n Volume task-manager_grafana_data Created \n Volume task-manager_postgres_data Creating \n Volume task-manager_postgres_data Created \n Volume task-manager_prometheus_data Creating \n Volume task-manager_prometheus_data Created \n Container node-exporter Creating \n Container task-manager-db Creating \n Container cadvisor Creating \n Container task-manager-redis Creating \n Container node-exporter Created \n Container prometheus Creating \n Container cadvisor Created \n Container task-manager-redis Created \n Container task-manager-db Created \n Container task-manager-api Creating \n Container prometheus Created \n Container grafana Creating \n Container task-manager-api Created \n Container task-manager-frontend Creating \n Container grafana Created \n Container task-manager-frontend Created \n Container task-manager-redis Starting \n Container node-exporter Starting \n Container task-manager-db Starting \n Container cadvisor Starting \n Container task-manager-redis Started \n Container task-manager-db Started \n Container task-manager-db Waiting \n Container node-exporter Started \n Container prometheus Starting \n Container cadvisor Started \n Container task-manager-db Healthy \n Container task-manager-api Starting \n Container task-manager-api Started \nError response from daemon: failed to create task for container: failed to create shim task: OCI runtime create failed: runc create failed: unable to start container process: error during container init: error mounting \"/opt/task-manager/monitoring/prometheus.yml\" to rootfs at \"/etc/prometheus/prometheus.yml\": mount src=/opt/task-manager/monitoring/prometheus.yml, dst=/etc/prometheus/prometheus.yml, dstFd=/proc/thread-self/fd/11, flags=MS_BIND|MS_REC: not a directory: Are you trying to mount a directory onto a file (or vice-versa)? Check if the specified host path exists and is the expected type\n", "stderr_lines": [" Image chedli01/task-manager-frontend:latest Pulling ", " Image prom/prometheus:latest Pulling ", " Image grafana/grafana:latest Pulling ", " Image chedli01/task-manager-backend:latest Pulling ", " Image gcr.io/cadvisor/cadvisor:latest Pulling ", " Image prom/node-exporter:latest Pulling ", " Image postgres:15-alpine Pulling ", " Image redis:7-alpine Pulling ", " Image prom/node-exporter:latest Pulled ", " Image redis:7-alpine Pulled ", " Image gcr.io/cadvisor/cadvisor:latest Pulled ", " Image chedli01/task-manager-frontend:latest Pulled ", " Image postgres:15-alpine Pulled ", " Image chedli01/task-manager-backend:latest Pulled ", " Image prom/prometheus:latest Pulled ", " Image grafana/grafana:latest Pulled ", " Network task-manager_task-manager-network Creating ", " Network task-manager_task-manager-network Created ", " Volume task-manager_grafana_data Creating ", " Volume task-manager_grafana_data Created ", " Volume task-manager_postgres_data Creating ", " Volume task-manager_postgres_data Created ", " Volume task-manager_prometheus_data Creating ", " Volume task-manager_prometheus_data Created ", " Container node-exporter Creating ", " Container task-manager-db Creating ", " Container cadvisor Creating ", " Container task-manager-redis Creating ", " Container node-exporter Created ", " Container prometheus Creating ", " Container cadvisor Created ", " Container task-manager-redis Created ", " Container task-manager-db Created ", " Container task-manager-api Creating ", " Container prometheus Created ", " Container grafana Creating ", " Container task-manager-api Created ", " Container task-manager-frontend Creating ", " Container grafana Created ", " Container task-manager-frontend Created ", " Container task-manager-redis Starting ", " Container node-exporter Starting ", " Container task-manager-db Starting ", " Container cadvisor Starting ", " Container task-manager-redis Started ", " Container task-manager-db Started ", " Container task-manager-db Waiting ", " Container node-exporter Started ", " Container prometheus Starting ", " Container cadvisor Started ", " Container task-manager-db Healthy ", " Container task-manager-api Starting ", " Container task-manager-api Started ", "Error response from daemon: failed to create task for container: failed to create shim task: OCI runtime create failed: runc create failed: unable to start container process: error during container init: error mounting \"/opt/task-manager/monitoring/prometheus.yml\" to rootfs at \"/etc/prometheus/prometheus.yml\": mount src=/opt/task-manager/monitoring/prometheus.yml, dst=/etc/prometheus/prometheus.yml, dstFd=/proc/thread-self/fd/11, flags=MS_BIND|MS_REC: not a directory: Are you trying to mount a directory onto a file (or vice-versa)? Check if the specified host path exists and is the expected type"], "stdout": "", "stdout_lines": []}
2026-03-26 21:33:49,665 p=80992 u=chedli n=ansible | PLAY RECAP *************************************************************************************************************
2026-03-26 21:33:49,665 p=80992 u=chedli n=ansible | taskmanager-vm             : ok=4    changed=3    unreachable=0    failed=1    skipped=0    rescued=0    ignored=0   
2026-03-26 21:36:43,358 p=81856 u=chedli n=ansible | PLAY [Deploy Task Manager Application] *********************************************************************************
2026-03-26 21:36:43,385 p=81856 u=chedli n=ansible | TASK [Ensure application directory exists] *****************************************************************************
2026-03-26 21:36:45,979 p=81856 u=chedli n=ansible | ok: [taskmanager-vm]
2026-03-26 21:36:45,990 p=81856 u=chedli n=ansible | TASK [application : Copy monitoring configuration directory] ***********************************************************
2026-03-26 21:36:46,006 p=81856 u=chedli n=ansible | [DEPRECATION WARNING]: The connection's stdin object is deprecated. Call display.prompt_until(msg) instead. This 
feature will be removed in version 2.19. Deprecation warnings can be disabled by setting deprecation_warnings=False in 
ansible.cfg.
2026-03-26 21:36:47,637 p=81856 u=chedli n=ansible | fatal: [taskmanager-vm]: FAILED! => {"changed": false, "cmd": "/usr/bin/rsync --delay-updates -F --compress --delete-after --archive --rsh='/usr/bin/ssh -S none -i /home/chedli/.ssh/azure_taskmanager -o StrictHostKeyChecking=no -o UserKnownHostsFile=/dev/null' --rsync-path='sudo -u root rsync' --out-format='<<CHANGED>>%i %n%L' /home/task_management_project/task_management_devops/ansible/playbooks/../monitoring/ azureuser@20.208.34.172:/opt/task-manager/monitoring/", "msg": "Warning: Permanently added '20.208.34.172' (ED25519) to the list of known hosts.\r\nrsync: [sender] change_dir \"/home/task_management_project/task_management_devops/ansible/playbooks/../monitoring\" failed: No such file or directory (2)\nrsync error: some files/attrs were not transferred (see previous errors) (code 23) at main.c(1338) [sender=3.2.7]\n", "rc": 23}
2026-03-26 21:36:47,637 p=81856 u=chedli n=ansible | PLAY RECAP *************************************************************************************************************
2026-03-26 21:36:47,638 p=81856 u=chedli n=ansible | taskmanager-vm             : ok=1    changed=0    unreachable=0    failed=1    skipped=0    rescued=0    ignored=0   
2026-03-26 21:39:18,826 p=82414 u=chedli n=ansible | PLAY [Deploy Task Manager Application] *********************************************************************************
2026-03-26 21:39:18,848 p=82414 u=chedli n=ansible | TASK [Ensure application directory exists] *****************************************************************************
2026-03-26 21:39:21,263 p=82414 u=chedli n=ansible | ok: [taskmanager-vm]
2026-03-26 21:39:21,274 p=82414 u=chedli n=ansible | TASK [application : Copy monitoring configuration directory] ***********************************************************
2026-03-26 21:39:21,291 p=82414 u=chedli n=ansible | [DEPRECATION WARNING]: The connection's stdin object is deprecated. Call display.prompt_until(msg) instead. This 
feature will be removed in version 2.19. Deprecation warnings can be disabled by setting deprecation_warnings=False in 
ansible.cfg.
2026-03-26 21:39:22,784 p=82414 u=chedli n=ansible | changed: [taskmanager-vm]
2026-03-26 21:39:22,789 p=82414 u=chedli n=ansible | TASK [application : Copy docker-compose file] **************************************************************************
2026-03-26 21:39:27,686 p=82414 u=chedli n=ansible | changed: [taskmanager-vm]
2026-03-26 21:39:27,691 p=82414 u=chedli n=ansible | TASK [application : Login to Docker Hub] *******************************************************************************
2026-03-26 21:39:30,086 p=82414 u=chedli n=ansible | ok: [taskmanager-vm]
2026-03-26 21:39:30,090 p=82414 u=chedli n=ansible | TASK [application : Pull and start application containers] *************************************************************
2026-03-26 21:39:38,335 p=82414 u=chedli n=ansible | changed: [taskmanager-vm]
2026-03-26 21:39:38,342 p=82414 u=chedli n=ansible | TASK [backup : Create backup directory] ********************************************************************************
2026-03-26 21:39:39,615 p=82414 u=chedli n=ansible | changed: [taskmanager-vm]
2026-03-26 21:39:39,619 p=82414 u=chedli n=ansible | TASK [backup : Copy backup script] *************************************************************************************
2026-03-26 21:39:43,758 p=82414 u=chedli n=ansible | changed: [taskmanager-vm]
2026-03-26 21:39:43,761 p=82414 u=chedli n=ansible | TASK [backup : Create backup cron job] *********************************************************************************
2026-03-26 21:39:45,086 p=82414 u=chedli n=ansible | changed: [taskmanager-vm]
2026-03-26 21:39:45,098 p=82414 u=chedli n=ansible | TASK [Display application URL] *****************************************************************************************
2026-03-26 21:39:45,110 p=82414 u=chedli n=ansible | ok: [taskmanager-vm] => {
    "msg": "Application deployed! Access at: http://20.208.34.172"
}
2026-03-26 21:39:45,116 p=82414 u=chedli n=ansible | PLAY RECAP *************************************************************************************************************
2026-03-26 21:39:45,117 p=82414 u=chedli n=ansible | taskmanager-vm             : ok=9    changed=6    unreachable=0    failed=0    skipped=0    rescued=0    ignored=0   
2026-03-26 21:56:40,224 p=86313 u=chedli n=ansible | PLAY [Deploy Task Manager Application] *********************************************************************************
2026-03-26 21:56:40,260 p=86313 u=chedli n=ansible | TASK [Ensure application directory exists] *****************************************************************************
2026-03-26 21:57:11,272 p=86313 u=chedli n=ansible | fatal: [taskmanager-vm]: UNREACHABLE! => {"changed": false, "msg": "Data could not be sent to remote host \"20.208.34.172\". Make sure this host can be reached over ssh: ssh: connect to host 20.208.34.172 port 22: Connection timed out\r\n", "unreachable": true}
2026-03-26 21:57:11,276 p=86313 u=chedli n=ansible | PLAY RECAP *************************************************************************************************************
2026-03-26 21:57:11,276 p=86313 u=chedli n=ansible | taskmanager-vm             : ok=0    changed=0    unreachable=1    failed=0    skipped=0    rescued=0    ignored=0   
